{"level":"error","message":"Sat May 16 2026 14:09:34 GMT+0300 (GMT+03:00)-{\"name\":\"Data Not found\",\"statusCode\":{\"name\":\"API Error\",\"statusCode\":500,\"isOperational\":true},\"isOperational\":true}","private":true}
{"level":"error","message":"Sat May 16 2026 14:09:37 GMT+0300 (GMT+03:00)-{\"name\":\"Data Not found\",\"statusCode\":{\"name\":\"API Error\",\"statusCode\":500,\"isOperational\":true},\"isOperational\":true}","private":true}
{"level":"error","message":"Sat May 16 2026 14:09:50 GMT+0300 (GMT+03:00)-{\"name\":\"Data Not found\",\"statusCode\":{\"name\":\"API Error\",\"statusCode\":500,\"isOperational\":true},\"isOperational\":true}","private":true}
{"level":"error","message":"Sat May 16 2026 14:10:09 GMT+0300 (GMT+03:00)-{\"name\":\"Data Not found\",\"statusCode\":{\"name\":\"API Error\",\"statusCode\":500,\"isOperational\":true},\"isOperational\":true}","private":true}
{"level":"error","message":"Sat May 16 2026 14:10:28 GMT+0300 (GMT+03:00)-{\"name\":\"Data Not found\",\"statusCode\":{\"name\":\"API Error\",\"statusCode\":500,\"isOperational\":true},\"isOperational\":true}","private":true}
{"level":"error","message":"Sat May 16 2026 14:10:51 GMT+0300 (GMT+03:00)-{\"name\":\"Data Not found\",\"statusCode\":{\"name\":\"API Error\",\"statusCode\":500,\"isOperational\":true},\"isOperational\":true}","private":true}
{"level":"error","message":"Sat May 16 2026 14:11:48 GMT+0300 (GMT+03:00)-{\"name\":\"Data Not found\",\"statusCode\":{\"name\":\"API Error\",\"statusCode\":500,\"isOperational\":true},\"isOperational\":true}","private":true}
{"level":"error","message":"Sat May 16 2026 14:11:48 GMT+0300 (GMT+03:00)-{\"name\":\"Data Not found\",\"statusCode\":{\"name\":\"API Error\",\"statusCode\":500,\"isOperational\":true},\"isOperational\":true}","private":true}
{"level":"error","message":"Sat May 16 2026 14:14:01 GMT+0300 (GMT+03:00)-{\"name\":\"Data Not found\",\"statusCode\":{},\"isOperational\":true}","private":true}
{"level":"error","message":"Sat May 16 2026 14:14:12 GMT+0300 (GMT+03:00)-{\"name\":\"Data Not found\",\"statusCode\":{},\"isOperational\":true}","private":true}
{"level":"error","message":"Sat May 16 2026 14:15:36 GMT+0300 (GMT+03:00)-{\"name\":\"Data Not found\",\"statusCode\":{},\"isOperational\":true}","private":true}
{"level":"error","message":"Sat May 16 2026 14:15:36 GMT+0300 (GMT+03:00)-{\"name\":\"Data Not found\",\"statusCode\":{},\"isOperational\":true}","private":true}
{"level":"error","message":"Sat May 16 2026 14:18:34 GMT+0300 (GMT+03:00)-{\"name\":\"Data Not found\",\"statusCode\":{\"name\":\"API Error\",\"statusCode\":500,\"isOperational\":true},\"isOperational\":true}","private":true}
{"level":"error","message":"Sat May 16 2026 14:20:49 GMT+0300 (GMT+03:00)-{\"name\":\"Data Not found\",\"statusCode\":{\"name\":\"API Error\",\"statusCode\":500,\"isOperational\":true},\"isOperational\":true}","private":true}
{"level":"error","message":"Sat May 16 2026 14:28:33 GMT+0300 (GMT+03:00)-{\"name\":\"Data Not found\",\"statusCode\":{\"name\":\"API Error\",\"statusCode\":500,\"isOperational\":true},\"isOperational\":true}","private":true}
{"level":"error","message":"Sat May 16 2026 14:29:04 GMT+0300 (GMT+03:00)-{\"name\":\"Data Not found\",\"statusCode\":{},\"isOperational\":true}","private":true}
{"level":"error","message":"Sat May 16 2026 14:29:43 GMT+0300 (GMT+03:00)-{\"name\":\"Data Not found\",\"statusCode\":{},\"isOperational\":true}","private":true}
{"level":"error","message":"Sat May 16 2026 14:37:09 GMT+0300 (GMT+03:00)-{\"name\":\"Data Not found\",\"statusCode\":404,\"isOperational\":true}","private":true}
{"level":"error","message":"Sat May 16 2026 14:39:05 GMT+0300 (GMT+03:00)-{\"name\":\"Data Not found\",\"statusCode\":404,\"isOperational\":true}","private":true}
{"level":"error","message":"Sat May 16 2026 14:39:25 GMT+0300 (GMT+03:00)-{\"name\":\"Data Not found\",\"statusCode\":404,\"isOperational\":true}","private":true}
{"level":"error","message":"Sat May 16 2026 14:39:26 GMT+0300 (GMT+03:00)-{\"name\":\"Data Not found\",\"statusCode\":404,\"isOperational\":true}","private":true}
{"level":"error","message":"Sat May 16 2026 14:39:26 GMT+0300 (GMT+03:00)-{\"name\":\"Data Not found\",\"statusCode\":404,\"isOperational\":true}","private":true}
{"level":"error","message":"Sat May 16 2026 14:40:31 GMT+0300 (GMT+03:00)-{\"name\":\"Data Not found\",\"statusCode\":404,\"isOperational\":true}","private":true}
{"level":"error","message":"Sat May 16 2026 14:40:32 GMT+0300 (GMT+03:00)-{\"name\":\"Data Not found\",\"statusCode\":404,\"isOperational\":true}","private":true}
{"level":"error","message":"Sat May 16 2026 14:40:32 GMT+0300 (GMT+03:00)-{\"name\":\"Data Not found\",\"statusCode\":404,\"isOperational\":true}","private":true}
{"level":"error","message":"Sat May 16 2026 14:41:23 GMT+0300 (GMT+03:00)-{\"name\":\"Data Not found\",\"statusCode\":404,\"isOperational\":true}","private":true}
{"level":"error","message":"Sat May 16 2026 14:43:43 GMT+0300 (GMT+03:00)-{\"name\":\"Data Not found\",\"statusCode\":404,\"isOperational\":true}","private":true}
{"level":"error","message":"Sat May 16 2026 14:43:43 GMT+0300 (GMT+03:00)-{\"name\":\"Data Not found\",\"statusCode\":404,\"isOperational\":true}","private":true}
{"level":"error","message":"Sat May 16 2026 14:45:13 GMT+0300 (GMT+03:00)-{\"name\":\"Data Not found\",\"statusCode\":404,\"isOperational\":true}","private":true}
{"level":"error","message":"Sat May 16 2026 14:45:57 GMT+0300 (GMT+03:00)-{\"name\":\"Data Not found\",\"statusCode\":404,\"isOperational\":true}","private":true}
{"level":"error","message":"Sat May 16 2026 14:46:36 GMT+0300 (GMT+03:00)-{\"name\":\"Data Not found\",\"statusCode\":404,\"isOperational\":true}","private":true}
{"level":"error","message":"Sat May 16 2026 14:47:16 GMT+0300 (GMT+03:00)-{\"name\":\"Data Not found\",\"statusCode\":404,\"isOperational\":true}","private":true}
{"level":"error","message":"Sat May 16 2026 15:44:13 GMT+0300 (GMT+03:00)-{}","private":true}
{"level":"error","message":"Sun May 17 2026 12:29:06 GMT+0300 (GMT+03:00)-{}","private":true}
